[debug] [2018-03-11T18:59:15.950Z] ----------------------------------------------------------------------
[debug] [2018-03-11T18:59:15.953Z] Command:       /usr/bin/node /usr/bin/firebase deploy
[debug] [2018-03-11T18:59:15.954Z] CLI Version:   3.17.6
[debug] [2018-03-11T18:59:15.954Z] Platform:      linux
[debug] [2018-03-11T18:59:15.954Z] Node Version:  v9.3.0
[debug] [2018-03-11T18:59:15.954Z] Time:          Sun Mar 11 2018 14:59:15 GMT-0400 (EDT)
[debug] [2018-03-11T18:59:15.954Z] ----------------------------------------------------------------------
[debug] 
[debug] [2018-03-11T18:59:15.973Z] > command requires scopes: ["email","openid","https://www.googleapis.com/auth/cloudplatformprojects.readonly","https://www.googleapis.com/auth/firebase","https://www.googleapis.com/auth/cloud-platform"]
[debug] [2018-03-11T18:59:15.974Z] > authorizing via signed-in user
[debug] [2018-03-11T18:59:15.976Z] > refreshing access token with scopes: ["email","https://www.googleapis.com/auth/cloud-platform","https://www.googleapis.com/auth/cloudplatformprojects.readonly","https://www.googleapis.com/auth/firebase","openid"]
[debug] [2018-03-11T18:59:15.976Z] >>> HTTP REQUEST POST https://www.googleapis.com/oauth2/v3/token  
 { refresh_token: '1/d5FRRU-8_Z1OiXyI2aquWOYPajxNo3BJS5mDPhndoRDr_rnyeLDZYgQJq6mpBYh5',
  client_id: '563584335869-fgrhgmd47bqnekij5i8b5pr03ho849e6.apps.googleusercontent.com',
  client_secret: 'j9iVZfS8kkCEFUPaAeJV0sAi',
  grant_type: 'refresh_token',
  scope: 'email https://www.googleapis.com/auth/cloud-platform https://www.googleapis.com/auth/cloudplatformprojects.readonly https://www.googleapis.com/auth/firebase openid' } 
 Sun Mar 11 2018 14:59:15 GMT-0400 (EDT)
[debug] [2018-03-11T18:59:21.487Z] <<< HTTP RESPONSE 200
[debug] [2018-03-11T18:59:21.688Z] >>> HTTP REQUEST GET https://admin.firebase.com/v1/projects/how-i-meet-you  
  
 Sun Mar 11 2018 14:59:21 GMT-0400 (EDT)
[debug] [2018-03-11T18:59:22.460Z] <<< HTTP RESPONSE 200
[debug] [2018-03-11T18:59:22.462Z] >>> HTTP REQUEST GET https://admin.firebase.com/v1/database/how-i-meet-you/tokens  
  
 Sun Mar 11 2018 14:59:22 GMT-0400 (EDT)
[debug] [2018-03-11T18:59:22.909Z] <<< HTTP RESPONSE 200
[info] 
[info] === Deploying to 'how-i-meet-you'...
[info] 
[info] i  deploying database, firestore, functions, hosting
[info] Running command: npm --prefix "$RESOURCE_DIR" run lint
[info] ✔  functions: Finished running predeploy script.
[debug] [2018-03-11T18:59:28.436Z] Error: ENOENT: no such file or directory, open '/home/elai/Downloads/git/howimeetyou/database.rules.json'
    at Object.fs.openSync (fs.js:663:18)
    at Object.fs.readFileSync (fs.js:568:33)
    at Config.readProjectFile (/usr/lib/node_modules/firebase-tools/lib/config.js:151:22)
    at /usr/lib/node_modules/firebase-tools/lib/deploy/database/prepare.js:53:40
    at /usr/lib/node_modules/firebase-tools/node_modules/lodash/lodash.js:4917:15
    at baseForOwn (/usr/lib/node_modules/firebase-tools/node_modules/lodash/lodash.js:3002:24)
    at /usr/lib/node_modules/firebase-tools/node_modules/lodash/lodash.js:4886:18
    at Function.forEach (/usr/lib/node_modules/firebase-tools/node_modules/lodash/lodash.js:9334:14)
    at module.exports (/usr/lib/node_modules/firebase-tools/lib/deploy/database/prepare.js:50:5)
    at _chain (/usr/lib/node_modules/firebase-tools/lib/deploy/index.js:23:45)
[error] 
[error] Error: An unexpected error has occurred.
[debug] [2018-03-11T19:00:28.752Z] ----------------------------------------------------------------------
[debug] [2018-03-11T19:00:28.755Z] Command:       /usr/bin/node /usr/bin/firebase deploy
[debug] [2018-03-11T19:00:28.755Z] CLI Version:   3.17.6
[debug] [2018-03-11T19:00:28.755Z] Platform:      linux
[debug] [2018-03-11T19:00:28.755Z] Node Version:  v9.3.0
[debug] [2018-03-11T19:00:28.765Z] Time:          Sun Mar 11 2018 15:00:28 GMT-0400 (EDT)
[debug] [2018-03-11T19:00:28.765Z] ----------------------------------------------------------------------
[debug] 
[debug] [2018-03-11T19:00:28.779Z] > command requires scopes: ["email","openid","https://www.googleapis.com/auth/cloudplatformprojects.readonly","https://www.googleapis.com/auth/firebase","https://www.googleapis.com/auth/cloud-platform"]
[debug] [2018-03-11T19:00:28.779Z] > authorizing via signed-in user
[debug] [2018-03-11T19:00:28.781Z] >>> HTTP REQUEST GET https://admin.firebase.com/v1/projects/how-i-meet-you  
  
 Sun Mar 11 2018 15:00:28 GMT-0400 (EDT)
[debug] [2018-03-11T19:00:29.941Z] <<< HTTP RESPONSE 200
[debug] [2018-03-11T19:00:29.944Z] >>> HTTP REQUEST GET https://admin.firebase.com/v1/database/how-i-meet-you/tokens  
  
 Sun Mar 11 2018 15:00:29 GMT-0400 (EDT)
[debug] [2018-03-11T19:00:30.536Z] <<< HTTP RESPONSE 200
[info] 
[info] === Deploying to 'how-i-meet-you'...
[info] 
[info] i  deploying database, firestore, functions, hosting
[info] Running command: npm --prefix "$RESOURCE_DIR" run lint
[info] ✔  functions: Finished running predeploy script.
[debug] [2018-03-11T19:00:33.629Z] Error: ENOENT: no such file or directory, open '/home/elai/Downloads/git/howimeetyou/database.rules.json'
    at Object.fs.openSync (fs.js:663:18)
    at Object.fs.readFileSync (fs.js:568:33)
    at Config.readProjectFile (/usr/lib/node_modules/firebase-tools/lib/config.js:151:22)
    at /usr/lib/node_modules/firebase-tools/lib/deploy/database/prepare.js:53:40
    at /usr/lib/node_modules/firebase-tools/node_modules/lodash/lodash.js:4917:15
    at baseForOwn (/usr/lib/node_modules/firebase-tools/node_modules/lodash/lodash.js:3002:24)
    at /usr/lib/node_modules/firebase-tools/node_modules/lodash/lodash.js:4886:18
    at Function.forEach (/usr/lib/node_modules/firebase-tools/node_modules/lodash/lodash.js:9334:14)
    at module.exports (/usr/lib/node_modules/firebase-tools/lib/deploy/database/prepare.js:50:5)
    at _chain (/usr/lib/node_modules/firebase-tools/lib/deploy/index.js:23:45)
[error] 
[error] Error: An unexpected error has occurred.
[debug] [2018-03-11T19:00:44.886Z] ----------------------------------------------------------------------
[debug] [2018-03-11T19:00:44.890Z] Command:       /usr/bin/node /usr/bin/firebase deploy
[debug] [2018-03-11T19:00:44.890Z] CLI Version:   3.17.6
[debug] [2018-03-11T19:00:44.890Z] Platform:      linux
[debug] [2018-03-11T19:00:44.890Z] Node Version:  v9.3.0
[debug] [2018-03-11T19:00:44.890Z] Time:          Sun Mar 11 2018 15:00:44 GMT-0400 (EDT)
[debug] [2018-03-11T19:00:44.890Z] ----------------------------------------------------------------------
[debug] 
[debug] [2018-03-11T19:00:44.904Z] > command requires scopes: ["email","openid","https://www.googleapis.com/auth/cloudplatformprojects.readonly","https://www.googleapis.com/auth/firebase","https://www.googleapis.com/auth/cloud-platform"]
[debug] [2018-03-11T19:00:44.904Z] > authorizing via signed-in user
[debug] [2018-03-11T19:00:44.907Z] >>> HTTP REQUEST GET https://admin.firebase.com/v1/projects/how-i-meet-you  
  
 Sun Mar 11 2018 15:00:44 GMT-0400 (EDT)
[debug] [2018-03-11T19:00:45.499Z] <<< HTTP RESPONSE 200
[debug] [2018-03-11T19:00:45.502Z] >>> HTTP REQUEST GET https://admin.firebase.com/v1/database/how-i-meet-you/tokens  
  
 Sun Mar 11 2018 15:00:45 GMT-0400 (EDT)
[debug] [2018-03-11T19:00:46.099Z] <<< HTTP RESPONSE 200
[info] 
[info] === Deploying to 'how-i-meet-you'...
[info] 
[info] i  deploying database, firestore, functions, hosting
[info] Running command: npm --prefix "$RESOURCE_DIR" run lint
[info] ✔  functions: Finished running predeploy script.
[debug] [2018-03-11T19:00:48.451Z] Error: ENOENT: no such file or directory, open '/home/elai/Downloads/git/howimeetyou/database.rules.json'
    at Object.fs.openSync (fs.js:663:18)
    at Object.fs.readFileSync (fs.js:568:33)
    at Config.readProjectFile (/usr/lib/node_modules/firebase-tools/lib/config.js:151:22)
    at /usr/lib/node_modules/firebase-tools/lib/deploy/database/prepare.js:53:40
    at /usr/lib/node_modules/firebase-tools/node_modules/lodash/lodash.js:4917:15
    at baseForOwn (/usr/lib/node_modules/firebase-tools/node_modules/lodash/lodash.js:3002:24)
    at /usr/lib/node_modules/firebase-tools/node_modules/lodash/lodash.js:4886:18
    at Function.forEach (/usr/lib/node_modules/firebase-tools/node_modules/lodash/lodash.js:9334:14)
    at module.exports (/usr/lib/node_modules/firebase-tools/lib/deploy/database/prepare.js:50:5)
    at _chain (/usr/lib/node_modules/firebase-tools/lib/deploy/index.js:23:45)
[error] 
[error] Error: An unexpected error has occurred.
